[    0.000000] Initializing cgroup subsys cpuset
[    0.000000] Initializing cgroup subsys cpu
[    0.000000] Initializing cgroup subsys cpuacct
[    0.000000] Linux version 4.4.0-97-generic (buildd@lcy01-33) (gcc version 5.4.0 20160609 (Ubuntu 5.4.0-6ubuntu1~16.04.4) ) #120-Ubuntu SMP Tue Sep 19 17:28:18 UTC 2017 (Ubuntu 4.4.0-97.120-generic 4.4.87)
[    0.000000] Command line: BOOT_IMAGE=/boot/vmlinuz-4.4.0-97-generic root=LABEL=cloudimg-rootfs ro console=tty1 console=ttyS0
[    0.000000] KERNEL supported cpus:
[    0.000000]   Intel GenuineIntel
[    0.000000]   AMD AuthenticAMD
[    0.000000]   Centaur CentaurHauls
[    0.000000] x86/fpu: xstate_offset[2]:  576, xstate_sizes[2]:  256
[    0.000000] x86/fpu: Supporting XSAVE feature 0x01: 'x87 floating point registers'
[    0.000000] x86/fpu: Supporting XSAVE feature 0x02: 'SSE registers'
[    0.000000] x86/fpu: Supporting XSAVE feature 0x04: 'AVX registers'
[    0.000000] x86/fpu: Enabled xstate features 0x7, context size is 832 bytes, using 'standard' format.
[    0.000000] x86/fpu: Using 'lazy' FPU context switches.
[    0.000000] e820: BIOS-provided physical RAM map:
[    0.000000] BIOS-e820: [mem 0x0000000000000000-0x000000000009fbff] usable
[    0.000000] BIOS-e820: [mem 0x000000000009fc00-0x000000000009ffff] reserved
[    0.000000] BIOS-e820: [mem 0x00000000000f0000-0x00000000000fffff] reserved
[    0.000000] BIOS-e820: [mem 0x0000000000100000-0x000000003ffeffff] usable
[    0.000000] BIOS-e820: [mem 0x000000003fff0000-0x000000003fffffff] ACPI data
[    0.000000] BIOS-e820: [mem 0x00000000fec00000-0x00000000fec00fff] reserved
[    0.000000] BIOS-e820: [mem 0x00000000fee00000-0x00000000fee00fff] reserved
[    0.000000] BIOS-e820: [mem 0x00000000fffc0000-0x00000000ffffffff] reserved
[    0.000000] NX (Execute Disable) protection: active
[    0.000000] SMBIOS 2.5 present.
[    0.000000] Hypervisor detected: KVM
[    0.000000] e820: last_pfn = 0x3fff0 max_arch_pfn = 0x400000000
[    0.000000] MTRR: Disabled
[    0.000000] x86/PAT: MTRRs disabled, skipping PAT initialization too.
[    0.000000] CPU MTRRs all blank - virtualized system.
[    0.000000] x86/PAT: Configuration [0-7]: WB  WT  UC- UC  WB  WT  UC- UC  
[    0.000000] found SMP MP-table at [mem 0x0009fff0-0x0009ffff] mapped at [ffff88000009fff0]
[    0.000000] Scanning 1 areas for low memory corruption
[    0.000000] RAMDISK: [mem 0x36adc000-0x37565fff]
[    0.000000] ACPI: Early table checksum verification disabled
[    0.000000] ACPI: RSDP 0x00000000000E0000 000024 (v02 VBOX  )
[    0.000000] ACPI: XSDT 0x000000003FFF0030 00003C (v01 VBOX   VBOXXSDT 00000001 ASL  00000061)
[    0.000000] ACPI: FACP 0x000000003FFF00F0 0000F4 (v04 VBOX   VBOXFACP 00000001 ASL  00000061)
[    0.000000] ACPI: DSDT 0x000000003FFF0470 0021FF (v02 VBOX   VBOXBIOS 00000002 INTL 20100528)
[    0.000000] ACPI: FACS 0x000000003FFF0200 000040
[    0.000000] ACPI: FACS 0x000000003FFF0200 000040
[    0.000000] ACPI: APIC 0x000000003FFF0240 00005C (v02 VBOX   VBOXAPIC 00000001 ASL  00000061)
[    0.000000] ACPI: SSDT 0x000000003FFF02A0 0001CC (v01 VBOX   VBOXCPUT 00000002 INTL 20100528)
[    0.000000] No NUMA configuration found
[    0.000000] Faking a node at [mem 0x0000000000000000-0x000000003ffeffff]
[    0.000000] NODE_DATA(0) allocated [mem 0x3ffeb000-0x3ffeffff]
[    0.000000] kvm-clock: Using msrs 4b564d01 and 4b564d00
[    0.000000] kvm-clock: cpu 0, msr 0:3ffe3001, primary cpu clock
[    0.000000] kvm-clock: using sched offset of 3070564464 cycles
[    0.000000] clocksource: kvm-clock: mask: 0xffffffffffffffff max_cycles: 0x1cd42e4dffb, max_idle_ns: 881590591483 ns
[    0.000000] Zone ranges:
[    0.000000]   DMA      [mem 0x0000000000001000-0x0000000000ffffff]
[    0.000000]   DMA32    [mem 0x0000000001000000-0x000000003ffeffff]
[    0.000000]   Normal   empty
[    0.000000]   Device   empty
[    0.000000] Movable zone start for each node
[    0.000000] Early memory node ranges
[    0.000000]   node   0: [mem 0x0000000000001000-0x000000000009efff]
[    0.000000]   node   0: [mem 0x0000000000100000-0x000000003ffeffff]
[    0.000000] Initmem setup node 0 [mem 0x0000000000001000-0x000000003ffeffff]
[    0.000000] ACPI: PM-Timer IO Port: 0x4008
[    0.000000] IOAPIC[0]: apic_id 2, version 32, address 0xfec00000, GSI 0-23
[    0.000000] ACPI: INT_SRC_OVR (bus 0 bus_irq 0 global_irq 2 dfl dfl)
[    0.000000] ACPI: INT_SRC_OVR (bus 0 bus_irq 9 global_irq 9 high level)
[    0.000000] Using ACPI (MADT) for SMP configuration information
[    0.000000] smpboot: Allowing 2 CPUs, 0 hotplug CPUs
[    0.000000] PM: Registered nosave memory: [mem 0x00000000-0x00000fff]
[    0.000000] PM: Registered nosave memory: [mem 0x0009f000-0x0009ffff]
[    0.000000] PM: Registered nosave memory: [mem 0x000a0000-0x000effff]
[    0.000000] PM: Registered nosave memory: [mem 0x000f0000-0x000fffff]
[    0.000000] e820: [mem 0x40000000-0xfebfffff] available for PCI devices
[    0.000000] Booting paravirtualized kernel on KVM
[    0.000000] clocksource: refined-jiffies: mask: 0xffffffff max_cycles: 0xffffffff, max_idle_ns: 7645519600211568 ns
[    0.000000] setup_percpu: NR_CPUS:512 nr_cpumask_bits:512 nr_cpu_ids:2 nr_node_ids:1
[    0.000000] PERCPU: Embedded 34 pages/cpu @ffff88003fc00000 s98328 r8192 d32744 u1048576
[    0.000000] PV qspinlock hash table entries: 256 (order: 0, 4096 bytes)
[    0.000000] Built 1 zonelists in Node order, mobility grouping on.  Total pages: 257913
[    0.000000] Policy zone: DMA32
[    0.000000] Kernel command line: BOOT_IMAGE=/boot/vmlinuz-4.4.0-97-generic root=LABEL=cloudimg-rootfs ro console=tty1 console=ttyS0
[    0.000000] PID hash table entries: 4096 (order: 3, 32768 bytes)
[    0.000000] Memory: 1001772K/1048120K available (8480K kernel code, 1294K rwdata, 3984K rodata, 1492K init, 1316K bss, 46348K reserved, 0K cma-reserved)
[    0.000000] SLUB: HWalign=64, Order=0-3, MinObjects=0, CPUs=2, Nodes=1
[    0.000000] Hierarchical RCU implementation.
[    0.000000] 	Build-time adjustment of leaf fanout to 64.
[    0.000000] 	RCU restricting CPUs from NR_CPUS=512 to nr_cpu_ids=2.
[    0.000000] RCU: Adjusting geometry for rcu_fanout_leaf=64, nr_cpu_ids=2
[    0.000000] NR_IRQS:33024 nr_irqs:440 16
[    0.000000] Console: colour VGA+ 80x25
[    0.000000] console [tty1] enabled
[    0.000000] console [ttyS0] enabled
[    0.000000] tsc: Detected 2700.000 MHz processor
[    4.529923] Calibrating delay loop (skipped) preset value.. 5400.00 BogoMIPS (lpj=10800000)
[    4.635169] pid_max: default: 32768 minimum: 301
[    4.653071] ACPI: Core revision 20150930
[    4.704170] ACPI: 2 ACPI AML tables successfully acquired and loaded
[    4.770991] Security Framework initialized
[    4.806719] Yama: becoming mindful.
[    4.831477] AppArmor: AppArmor initialized
[    4.852156] Dentry cache hash table entries: 131072 (order: 8, 1048576 bytes)
[    4.899565] Inode-cache hash table entries: 65536 (order: 7, 524288 bytes)
[    4.942609] Mount-cache hash table entries: 2048 (order: 2, 16384 bytes)
[    4.971316] Mountpoint-cache hash table entries: 2048 (order: 2, 16384 bytes)
[    5.053937] Initializing cgroup subsys io
[    5.095591] Initializing cgroup subsys memory
[    5.152886] Initializing cgroup subsys devices
[    5.171503] Initializing cgroup subsys freezer
[    5.181745] Initializing cgroup subsys net_cls
[    5.193773] Initializing cgroup subsys perf_event
[    5.220038] Initializing cgroup subsys net_prio
[    5.246369] Initializing cgroup subsys hugetlb
[    5.276329] Initializing cgroup subsys pids
[    5.300747] CPU: Physical Processor ID: 0
[    5.345113] CPU: Processor Core ID: 0
[    5.391741] mce: CPU supports 0 MCE banks
[    5.447330] Last level iTLB entries: 4KB 64, 2MB 8, 4MB 8
[    5.504502] Last level dTLB entries: 4KB 64, 2MB 0, 4MB 0, 1GB 4
[    5.517700] Freeing SMP alternatives memory: 32K
[    5.572681] ftrace: allocating 32148 entries in 126 pages
[    5.676046] smpboot: APIC(0) Converting physical 0 to logical package 0
[    5.732368] smpboot: Max logical packages: 1
[    5.779173] x2apic enabled
[    5.780098] Switched APIC routing to physical x2apic.
[    5.834134] ..TIMER: vector=0x30 apic1=0 pin1=2 apic2=-1 pin2=-1
[    5.953066] smpboot: CPU0: Intel(R) Core(TM) i5-5257U CPU @ 2.70GHz (family: 0x6, model: 0x3d, stepping: 0x4)
[    6.062082] Performance Events: unsupported p6 CPU model 61 no PMU driver, software events only.
[    6.148203] KVM setup paravirtual spinlock
[    6.191172] x86: Booting SMP configuration:
[    6.251374] .... node  #0, CPUs:      #1
[    6.258417] kvm-clock: cpu 1, msr 0:3ffe3041, secondary cpu clock
[    6.341366] mce: CPU supports 0 MCE banks
[    6.361644] x86: Booted up 1 node, 2 CPUs
[    6.413691] smpboot: Total of 2 processors activated (10800.00 BogoMIPS)
[    6.447614] devtmpfs: initialized
[    6.479139] evm: security.selinux
[    6.506286] evm: security.SMACK64
[    6.546069] evm: security.SMACK64EXEC
[    6.581008] evm: security.SMACK64TRANSMUTE
[    6.619136] evm: security.SMACK64MMAP
[    6.637825] evm: security.ima
[    6.666419] evm: security.capability
[    6.708961] clocksource: jiffies: mask: 0xffffffff max_cycles: 0xffffffff, max_idle_ns: 7645041785100000 ns
[    6.787443] futex hash table entries: 512 (order: 3, 32768 bytes)
[    6.834139] pinctrl core: initialized pinctrl subsystem
[    6.877364] RTC time:  4:11:48, date: 10/30/17
[    6.939968] NET: Registered protocol family 16
[    6.958500] cpuidle: using governor ladder
[    7.014690] cpuidle: using governor menu
[    7.063363] PCCT header not found.
[    7.090501] ACPI: bus type PCI registered
[    7.140658] acpiphp: ACPI Hot Plug PCI Controller Driver version: 0.5
[    7.206406] PCI: Using configuration type 1 for base access
[    7.283826] ACPI: Added _OSI(Module Device)
[    7.319317] ACPI: Added _OSI(Processor Device)
[    7.350399] ACPI: Added _OSI(3.0 _SCP Extensions)
[    7.379641] ACPI: Added _OSI(Processor Aggregator Device)
[    7.399138] ACPI: Executed 1 blocks of module-level executable AML code
[    7.455791] ACPI: Interpreter enabled
[    7.490612] ACPI: (supports S0 S5)
[    7.526633] ACPI: Using IOAPIC for interrupt routing
[    7.586785] PCI: Using host bridge windows from ACPI; if necessary, use "pci=nocrs" and report a bug
[    7.654168] ACPI: PCI Root Bridge [PCI0] (domain 0000 [bus 00-ff])
[    7.716979] acpi PNP0A03:00: _OSC: OS supports [ASPM ClockPM Segments MSI]
[    7.770816] acpi PNP0A03:00: _OSC: not requesting OS control; OS requires [ExtendedConfig ASPM ClockPM MSI]
[    7.879062] acpi PNP0A03:00: fail to add MMCONFIG information, can't access extended PCI configuration space under this bridge.
[    8.007125] PCI host bridge to bus 0000:00
[    8.055041] pci_bus 0000:00: root bus resource [io  0x0000-0x0cf7 window]
[    8.102890] pci_bus 0000:00: root bus resource [io  0x0d00-0xffff window]
[    8.134989] pci_bus 0000:00: root bus resource [mem 0x000a0000-0x000bffff window]
[    8.136808] pci_bus 0000:00: root bus resource [mem 0x40000000-0xffdfffff window]
[    8.201824] pci_bus 0000:00: root bus resource [bus 00-ff]
[    8.229586] pci 0000:00:01.1: legacy IDE quirk: reg 0x10: [io  0x01f0-0x01f7]
[    8.292362] pci 0000:00:01.1: legacy IDE quirk: reg 0x14: [io  0x03f6]
[    8.365573] pci 0000:00:01.1: legacy IDE quirk: reg 0x18: [io  0x0170-0x0177]
[    8.402908] pci 0000:00:01.1: legacy IDE quirk: reg 0x1c: [io  0x0376]
[    8.477774] pci 0000:00:07.0: quirk: [io  0x4000-0x403f] claimed by PIIX4 ACPI
[    8.520899] pci 0000:00:07.0: quirk: [io  0x4100-0x410f] claimed by PIIX4 SMB
[    8.588358] ACPI: PCI Interrupt Link [LNKA] (IRQs 5 9 10 *11)
[    8.660412] ACPI: PCI Interrupt Link [LNKB] (IRQs 5 9 10 *11)
[    8.712104] ACPI: PCI Interrupt Link [LNKC] (IRQs 5 9 *10 11)
[    8.764705] ACPI: PCI Interrupt Link [LNKD] (IRQs 5 *9 10 11)
[    8.822421] ACPI: Enabled 2 GPEs in block 00 to 07
[    8.875786] vgaarb: setting as boot device: PCI:0000:00:02.0
[    8.933735] vgaarb: device added: PCI:0000:00:02.0,decodes=io+mem,owns=io+mem,locks=none
[    9.040582] vgaarb: loaded
[    9.064177] vgaarb: bridge control possible 0000:00:02.0
[    9.120582] SCSI subsystem initialized
[    9.178103] ACPI: bus type USB registered
[    9.234800] usbcore: registered new interface driver usbfs
[    9.285961] usbcore: registered new interface driver hub
[    9.347408] usbcore: registered new device driver usb
[    9.399993] PCI: Using ACPI for IRQ routing
[    9.439705] NetLabel: Initializing
[    9.465535] NetLabel:  domain hash size = 128
[    9.496802] NetLabel:  protocols = UNLABELED CIPSOv4
[    9.550770] NetLabel:  unlabeled traffic allowed by default
[    9.572954] amd_nb: Cannot enumerate AMD northbridges
[    9.574132] clocksource: Switched to clocksource kvm-clock
[    9.593650] AppArmor: AppArmor Filesystem Enabled
[    9.620009] pnp: PnP ACPI init
[    9.671941] pnp: PnP ACPI: found 3 devices
[    9.736799] clocksource: acpi_pm: mask: 0xffffff max_cycles: 0xffffff, max_idle_ns: 2085701024 ns
[    9.906788] NET: Registered protocol family 2
[    9.970485] TCP established hash table entries: 8192 (order: 4, 65536 bytes)
[   10.108600] TCP bind hash table entries: 8192 (order: 5, 131072 bytes)
[   10.233920] TCP: Hash tables configured (established 8192 bind 8192)
[   10.361489] UDP hash table entries: 512 (order: 2, 16384 bytes)
[   10.431329] UDP-Lite hash table entries: 512 (order: 2, 16384 bytes)
[   10.532665] NET: Registered protocol family 1
[   10.582186] pci 0000:00:00.0: Limiting direct PCI/PCI transfers
[   10.612229] pci 0000:00:01.0: Activating ISA DMA hang workarounds
[   10.672748] Unpacking initramfs...
[   12.388107] Freeing initrd memory: 10792K
[   12.426827] RAPL PMU detected, API unit is 2^-32 Joules, 4 fixed counters 10737418240 ms ovfl timer
[   12.641294] hw unit of domain pp0-core 2^-0 Joules
[   12.671625] hw unit of domain package 2^-0 Joules
[   12.788033] hw unit of domain dram 2^-0 Joules
[   12.808882] hw unit of domain pp1-gpu 2^-0 Joules
[   12.810097] platform rtc_cmos: registered platform RTC device (no PNP device found)
[   12.812109] Scanning for low memory corruption every 60 seconds
[   12.813763] audit: initializing netlink subsys (disabled)
[   12.871735] audit: type=2000 audit(1509336710.999:1): initialized
[   12.873310] Initialise system trusted keyring
[   12.884771] HugeTLB registered 2 MB page size, pre-allocated 0 pages
[   12.933365] zbud: loaded
[   12.951231] VFS: Disk quotas dquot_6.6.0
[   12.959426] VFS: Dquot-cache hash table entries: 512 (order 0, 4096 bytes)
[   13.011281] squashfs: version 4.0 (2009/01/31) Phillip Lougher
[   13.047889] fuse init (API version 7.23)
[   13.061198] Key type big_key registered
[   13.068195] Allocating IMA MOK and blacklist keyrings.
[   13.083021] Key type asymmetric registered
[   13.095595] Asymmetric key parser 'x509' registered
[   13.113753] Block layer SCSI generic (bsg) driver version 0.4 loaded (major 249)
[   13.218577] io scheduler noop registered
[   13.287022] io scheduler deadline registered (default)
[   13.387300] io scheduler cfq registered
[   13.440779] pci_hotplug: PCI Hot Plug PCI Core version: 0.5
[   13.522587] pciehp: PCI Express Hot Plug Controller Driver version: 0.4
[   13.539276] ACPI: AC Adapter [AC] (off-line)
[   13.624402] input: Power Button as /devices/LNXSYSTM:00/LNXPWRBN:00/input/input0
[   13.727679] ACPI: Power Button [PWRF]
[   13.818190] tsc: Refined TSC clocksource calibration: 2699.504 MHz
[   13.891595] clocksource: tsc: mask: 0xffffffffffffffff max_cycles: 0x26e96a2989e, max_idle_ns: 440795309817 ns
[   13.891703] input: Sleep Button as /devices/LNXSYSTM:00/LNXSLPBN:00/input/input1
[   13.891705] ACPI: Sleep Button [SLPF]
[   13.983586] GHES: HEST is not enabled!
[   14.011706] ACPI: Battery Slot [BAT0] (battery present)
[   14.011755] Serial: 8250/16550 driver, 32 ports, IRQ sharing enabled
[   14.039916] 00:02: ttyS0 at I/O 0x3f8 (irq = 4, base_baud = 115200) is a 16550A
[   14.053142] Linux agpgart interface v0.103
[   14.083343] loop: module loaded
[   14.083814] scsi host0: ata_piix
[   14.083861] scsi host1: ata_piix
[   14.083888] ata1: PATA max UDMA/33 cmd 0x1f0 ctl 0x3f6 bmdma 0xd000 irq 14
[   14.083888] ata2: PATA max UDMA/33 cmd 0x170 ctl 0x376 bmdma 0xd008 irq 15
[   14.083951] libphy: Fixed MDIO Bus: probed
[   14.083953] tun: Universal TUN/TAP device driver, 1.6
[   14.083953] tun: (C) 1999-2004 Max Krasnyansky <maxk@qualcomm.com>
[   14.084237] PPP generic driver version 2.4.2
[   14.084288] ehci_hcd: USB 2.0 'Enhanced' Host Controller (EHCI) Driver
[   14.084293] ehci-pci: EHCI PCI platform driver
[   14.084312] ehci-platform: EHCI generic platform driver
[   14.084321] ohci_hcd: USB 1.1 'Open' Host Controller (OHCI) Driver
[   14.084326] ohci-pci: OHCI PCI platform driver
[   14.084335] ohci-platform: OHCI generic platform driver
[   14.084343] uhci_hcd: USB Universal Host Controller Interface driver
[   14.084408] i8042: PNP: PS/2 Controller [PNP0303:PS2K,PNP0f03:PS2M] at 0x60,0x64 irq 1,12
[   14.086010] serio: i8042 KBD port at 0x60,0x64 irq 1
[   14.086022] serio: i8042 AUX port at 0x60,0x64 irq 12
[   14.086575] mousedev: PS/2 mouse device common for all mice
[   14.087120] input: AT Translated Set 2 keyboard as /devices/platform/i8042/serio0/input/input2
[   14.087801] rtc_cmos rtc_cmos: rtc core: registered rtc_cmos as rtc0
[   14.088158] rtc_cmos rtc_cmos: alarms up to one day, 114 bytes nvram
[   14.088177] i2c /dev entries driver
[   14.088254] device-mapper: uevent: version 1.0.3
[   14.088349] device-mapper: ioctl: 4.34.0-ioctl (2015-10-28) initialised: dm-devel@redhat.com
[   14.088366] ledtrig-cpu: registered to indicate activity on CPUs
[   14.089013] NET: Registered protocol family 10
[   14.089555] NET: Registered protocol family 17
[   14.089572] Key type dns_resolver registered
[   14.090003] microcode: CPU0 sig=0x306d4, pf=0x40, revision=0x0
[   14.097150] microcode: CPU1 sig=0x306d4, pf=0x40, revision=0x0
[   14.097249] microcode: Microcode Update Driver: v2.01 <tigran@aivazian.fsnet.co.uk>, Peter Oruba
[   14.097416] registered taskstats version 1
[   14.097435] Loading compiled-in X.509 certificates
[   14.098410] Loaded X.509 cert 'Build time autogenerated kernel key: d1010f9627fd9242df4b03365d2931dfd1ad3d42'
[   14.098443] zswap: loaded using pool lzo/zbud
[   14.102264] Key type trusted registered
[   14.105664] Key type encrypted registered
[   14.105671] AppArmor: AppArmor sha1 policy hashing enabled
[   14.105673] ima: No TPM chip found, activating TPM-bypass!
[   14.105690] evm: HMAC attrs: 0x1
[   14.106005]   Magic number: 5:318:162
[   14.112784] rtc_cmos rtc_cmos: setting system clock to 2017-10-30 04:11:56 UTC (1509336716)
[   14.112876] BIOS EDD facility v0.16 2004-Jun-25, 0 devices found
[   14.112876] EDD information not available.
[   16.217902] Freeing unused kernel memory: 1492K
[   16.245212] Write protecting the kernel read-only data: 14336k
[   16.253009] Freeing unused kernel memory: 1748K
[   16.263318] Freeing unused kernel memory: 112K
Loading, please wait...
starting version[   16.307902] random: systemd-udevd: uninitialized urandom read (16 bytes read, 7 bits of entropy available)
 229
[   16.308353] random: udevadm: uninitialized urandom read (16 bytes read, 7 bits of entropy available)
[   16.308367] random: udevadm: uninitialized urandom read (16 bytes read, 7 bits of entropy available)
[   16.314519] random: udevadm: uninitialized urandom read (16 bytes read, 7 bits of entropy available)
[   16.314551] random: udevadm: uninitialized urandom read (16 bytes read, 7 bits of entropy available)
[   16.314643] random: udevadm: uninitialized urandom read (16 bytes read, 7 bits of entropy available)
[   16.314677] random: udevadm: uninitialized urandom read (16 bytes read, 7 bits of entropy available)
[   16.314711] random: udevadm: uninitialized urandom read (16 bytes read, 7 bits of entropy available)
[   16.314744] random: udevadm: uninitialized urandom read (16 bytes read, 7 bits of entropy available)
[   16.314776] random: udevadm: uninitialized urandom read (16 bytes read, 7 bits of entropy available)
[   16.739872] e1000: Intel(R) PRO/1000 Network Driver - version 7.3.21-k8-NAPI
[   16.748475] e1000: Copyright (c) 1999-2006 Intel Corporation.
[   16.758228] Fusion MPT base driver 3.04.20
[   16.787670] Copyright (c) 1999-2008 LSI Corporation
[   16.800335] AVX version of gcm_enc/dec engaged.
[   16.803192] AES CTR mode by8 optimization enabled
[   16.813203] Fusion MPT SPI Host driver 3.04.20
[   17.048052] input: ImExPS/2 Generic Explorer Mouse as /devices/platform/i8042/serio1/input/input4
[   17.178548] e1000 0000:00:03.0 eth0: (PCI:33MHz:32-bit) 02:51:17:41:23:cb
[   17.253219] e1000 0000:00:03.0 eth0: Intel(R) PRO/1000 Network Connection
[   17.307259] e1000 0000:00:03.0 enp0s3: renamed from eth0
[   17.380093] mptbase: ioc0: Initiating bringup
[   17.510671] ioc0: LSI53C1030 A0: Capabilities={Initiator}
[   17.736832] scsi host2: ioc0: LSI53C1030 A0, FwRev=00000000h, Ports=1, MaxQ=256, IRQ=20
[   17.891048] scsi 2:0:0:0: Direct-Access     VBOX     HARDDISK         1.0  PQ: 0 ANSI: 5
[   17.979158] scsi target2:0:0: Beginning Domain Validation
[   18.016282] scsi target2:0:0: Domain Validation skipping write tests
[   18.099154] scsi target2:0:0: Ending Domain Validation
[   18.142915] scsi target2:0:0: asynchronous
[   18.224628] scsi 2:0:1:0: Direct-Access     VBOX     HARDDISK         1.0  PQ: 0 ANSI: 5
[   18.339869] scsi target2:0:1: Beginning Domain Validation
[   18.435188] scsi target2:0:1: Domain Validation skipping write tests
[   18.481439] scsi target2:0:1: Ending Domain Validation
[   18.483987] scsi target2:0:1: asynchronous
[   18.495004] sd 2:0:0:0: Attached scsi generic sg0 type 0
[   18.549635] sd 2:0:0:0: [sda] 20971520 512-byte logical blocks: (10.7 GB/10.0 GiB)
[   18.550047] sd 2:0:1:0: Attached scsi generic sg1 type 0
[   18.550122] sd 2:0:1:0: [sdb] 20480 512-byte logical blocks: (10.5 MB/10.0 MiB)
[   18.550312] sd 2:0:1:0: [sdb] Write Protect is off
[   18.550443] sd 2:0:1:0: [sdb] Incomplete mode parameter data
[   18.550444] sd 2:0:1:0: [sdb] Assuming drive cache: write through
[   18.551945] sd 2:0:1:0: [sdb] Attached SCSI disk
[   19.079198] sd 2:0:0:0: [sda] Write Protect is off
[   19.117469] sd 2:0:0:0: [sda] Incomplete mode parameter data
[   19.270931] sd 2:0:0:0: [sda] Assuming drive cache: write through
[   19.387019]  sda: sda1
[   19.436060] sd 2:0:0:0: [sda] Attached SCSI disk
[   19.758525] floppy0: no floppy controllers found
Begin: Loading essential drivers[   21.162002] md: linear personality registered for level -1
 ... [   21.229497] md: multipath personality registered for level -4
[   21.273610] md: raid0 personality registered for level 0
[   21.329882] md: raid1 personality registered for level 1
[   21.477218] raid6: sse2x1   gen()  9742 MB/s
[   21.614247] raid6: sse2x1   xor()  7096 MB/s
[   21.758447] raid6: sse2x2   gen() 11640 MB/s
[   21.858195] raid6: sse2x2   xor()  5265 MB/s
[   21.938644] raid6: sse2x4   gen() 13717 MB/s
[   22.067455] raid6: sse2x4   xor()  9399 MB/s
[   22.121521] raid6: using algorithm sse2x4 gen() 13717 MB/s
[   22.234705] raid6: .... xor() 9399 MB/s, rmw enabled
[   22.299435] raid6: using ssse3x2 recovery algorithm
[   22.379136] xor: automatically using best checksumming function:
[   22.438293]    avx       : 20072.000 MB/sec
[   22.480223] async_tx: api initialized (async)
[   22.586549] md: raid6 personality registered for level 6
[   22.610846] md: raid5 personality registered for level 5
[   22.628280] md: raid4 personality registered for level 4
[   22.687458] md: raid10 personality registered for level 10
done.
Begin: Running /scripts/init-premount ... done.
Begin: M[   22.772441] Btrfs loaded
ounting root file system ... Begin: Running /scripts/local-top ... done.
Begin: Running /scripts/local-premount ... Scanning for Btrfs filesystems
done.
Warning: fsck no[   22.824456] EXT4-fs (sda1): mounted filesystem with ordered data mode. Opts: (null)
t present, so skipping root file system
done.
Begin: Running /scripts/local-bottom ... done.
Begin: Running /scripts/init-bottom ... done.
[   22.988834] systemd[1]: systemd 229 running in system mode. (+PAM +AUDIT +SELINUX +IMA +APPARMOR +SMACK +SYSVINIT +UTMP +LIBCRYPTSETUP +GCRYPT +GNUTLS +ACL +XZ -LZ4 +SECCOMP +BLKID +ELFUTILS +KMOD -IDN)
[   23.120773] systemd[1]: Detected virtualization oracle.
[   23.221104] systemd[1]: Detected architecture x86-64.

Welcome to [1mUbuntu 16.04.3 LTS[0m!

[   23.250727] systemd[1]: Set hostname to <ubuntu>.
[   23.313296] systemd[1]: Initializing machine ID from random generator.
[   23.316046] systemd[1]: Installed transient /etc/machine-id file.
[   23.437994] systemd[1]: Listening on Journal Socket.
[[0;32m  OK  [0m] Listening on Journal Socket.
[   23.511729] systemd[1]: Listening on udev Kernel Socket.
[[0;32m  OK  [0m] Listening on udev Kernel Socket.
[   23.542876] systemd[1]: Created slice System Slice.
[[0;32m  OK  [0m] Created slice System Slice.
[   23.746670] systemd[1]: Mounting POSIX Message Queue File System...
         Mounting POSIX Message Queue File System...
[   23.867015] systemd[1]: Starting Create list of required static device nodes for the current kernel...
[   23.867345] random: nonblocking pool is initialized
         Starting Create list of required st... nodes for the current kernel...
[   24.000929] systemd[1]: Listening on LVM2 poll daemon socket.
[[0;32m  OK  [0m] Listening on LVM2 poll daemon socket.
[   24.038408] systemd[1]: Starting Nameserver information manager...
         Starting Nameserver information manager...
[   24.127008] systemd[1]: Reached target Swap.
[[0;32m  OK  [0m] Reached target Swap.
[   24.202516] systemd[1]: Listening on LVM2 metadata daemon socket.
[[0;32m  OK  [0m] Listening on LVM2 metadata daemon socket.
[   24.254521] systemd[1]: Mounting Huge Pages File System...
         Mounting Huge Pages File System...
[   24.278542] systemd[1]: Listening on Device-mapper event daemon FIFOs.
[[0;32m  OK  [0m] Listening on Device-mapper event daemon FIFOs.
[   24.322827] systemd[1]: Starting Load Kernel Modules...
[   24.332481] Loading iSCSI transport class v2.0-870.
         Startin[   24.401452] iscsi: registered transport (tcp)
g Load Kernel Modules...
[   24.446792] systemd[1]: Created slice User and Session Slice.
[[0;32m  OK  [0[   24.464183] iscsi: registered transport (iser)
m] Created slice User and Session Slice.
[   24.531069] systemd[1]: Listening on /dev/initctl Compatibility Named Pipe.
[[0;32m  OK  [0m] Listening on /dev/initctl Compatibility Named Pipe.
[   24.670718] systemd[1]: Starting Set console keymap...
         Starting Set console keymap...
[   24.798763] systemd[1]: Listening on udev Control Socket.
[[0;32m  OK  [0m] Listening on udev Control Socket.
[   24.910709] systemd[1]: Reached target User and Group Name Lookups.
[[0;32m  OK  [0m] Reached target User and Group Name Lookups.
[   25.018926] systemd[1]: Reached target Slices.
[[0;32m  OK  [0m] Reached target Slices.
[   25.098527] systemd[1]: Starting Uncomplicated firewall...
         Starting Uncomplicated firewall...
[   25.146815] systemd[1]: Set up automount Arbitrary Executable File Formats File System Automount Point.
[[0;32m  OK  [0m] Set up automount Arbitrary Executab...ats File System Automount Point.
[   25.276743] systemd[1]: Listening on Syslog Socket.
[[0;32m  OK  [0m] Listening on Syslog Socket.
[   25.411873] systemd[1]: Started Forward Password Requests to Wall Directory Watch.
[[0;32m  OK  [0m] Started Forward Password Requests to Wall Directory Watch.
[   25.578609] systemd[1]: Starting Monitoring of LVM2 mirrors, snapshots etc. using dmeventd or progress polling...
         Starting Monitoring of LVM2 mirrors... dmeventd or progress polling...
[   25.674909] systemd[1]: Starting Remount Root and Kernel File Systems...
[   25.679202] EXT4-fs (sda1): re-mounted. Opts: (null)
         Starting Remount Root and Kernel File Systems...
[   25.846749] systemd[1]: Started Trigger resolvconf update for networkd DNS.
[[0;32m  OK  [0m] Started Trigger resolvconf update for networkd DNS.
[   26.062711] systemd[1]: Mounting Debug File System...
         Mounting Debug File System...
[   26.151067] systemd[1]: Listening on Journal Socket (/dev/log).
[[0;32m  OK  [0m] Listening on Journal Socket (/dev/log).
[   26.182493] systemd[1]: Created slice system-serial\x2dgetty.slice.
[[0;32m  OK  [0m] Created slice system-serial\x2dgetty.slice.
[   26.207804] systemd[1]: Listening on Journal Audit Socket.
[[0;32m  OK  [0m] Listening on Journal Audit Socket.
[   26.266742] systemd[1]: Starting Journal Service...
         Starting Journal Service...
[   26.286603] systemd[1]: Reached target Encrypted Volumes.
[[0;32m  OK  [0m] Reached target Encrypted Volumes.
[   26.424247] systemd[1]: Mounted POSIX Message Queue File System.
[[0;32m  OK  [0m] Mounted POSIX Message Queue File System.
[   26.543126] systemd[1]: Mounted Huge Pages File System.
[[0;32m  OK  [0m] Mounted Huge Pages File System.
[   26.660024] systemd[1]: Mounted Debug File System.
[[0;32m  OK  [0m] Mounted Debug File System.
[   26.822629] systemd[1]: Started Journal Service.
[[0;32m  OK  [0m] Started Journal Service.
[[0;32m  OK  [0m] Started Create list of required sta...ce nodes for the current kernel.
[[0;32m  OK  [0m] Started Load Kernel Modules.
[[0;32m  OK  [0m] Started Set console keymap.
[[0;32m  OK  [0m] Started Uncomplicated firewall.
[[0;32m  OK  [0m] Started Remount Root and Kernel File Systems.
[[0;32m  OK  [0m] Started Nameserver information manager.
[[0;32m  OK  [0m] Started LVM2 metadata daemon.
         Starting udev Coldplug all Devices...
         Starting Initial cloud-init job (pre-networking)...
         Starting Load/Save Random Seed...
         Starting Apply Kernel Variables...
         Mounting FUSE Control File System...
         Starting Create Static Device Nodes in /dev...
         Starting Flush Journal to Persistent Storage...
[[0;32m  OK  [0m] Mounted FUSE Control File System.
[[0;32m  OK  [0m] Started Load/Save Random Seed.
[[0;32m  OK  [0m] Started Apply Kernel Variables.
[[0;32m  OK  [0m] Started Create Static Device Nodes in /dev.
[[0;32m  OK  [0m] Started udev Coldplug all Devices.
[[0;32m  OK  [0m] Started Flush Journal to Persistent Storage.
[[0;32m  OK  [0m] Started Monitoring of LVM2 mirrors,...ng dmeventd or progress polling.
         Starting udev Kernel Device Manager...
[[0;32m  OK  [0m] Started udev Kernel Device Manager.
[[0;32m  OK  [0m] Started Dispatch Password Requests to Console Directory Watch.
[[0;32m  OK  [0m] Reached target Local File Systems (Pre).
[[0;32m  OK  [0m] Reached target Local File Systems.
         Starting Commit a transient machine-id on disk...
         Starting Tell Plymouth To Write Out Runtime Data...
         Starting Set console font and keymap...
         Starting LSB: AppArmor initialization...
         Starting Create Volatile Files and Directories...
[[0;32m  OK  [0m] Started Commit a transient machine-id on disk.
[[0;32m  OK  [0m] Started Tell Plymouth To Write Out Runtime Data.
[[0;32m  OK  [0m] Started Create Volatile Files and Directories.
[   19.458504] cloud-init[452]: Cloud-init v. 0.7.9 running 'init-local' at Mon, 30 Oct 2017 04:12:10 +0000. Up 18.95 seconds.
[[0;32m  OK  [0m] Started Initial cloud-init job (pre-networking).
[[0;32m  OK  [0m] Found device /dev/ttyS0.
[[0;32m  OK  [0m] Listening on Load/Save RF Kill Switch Status /dev/rfkill Watch.
[[0;32m  OK  [0m] Reached target Network (Pre).
         Starting Update UTMP about System Boot/Shutdown...
[[0;32m  OK  [0m] Reached target System Time Synchronized.
[[0;32m  OK  [0m] Started Set console font and keymap.
[[0;32m  OK  [0m] Started LSB: AppArmor initialization.
[[0;32m  OK  [0m] Started Update UTMP about System Boot/Shutdown.
         Starting Raise network interfaces...
[[0;32m  OK  [0m] Created slice system-getty.slice.
[[0;32m  OK  [0m] Started Raise network interfaces.
         Starting Initial cloud-init job (metadata service crawler)...
[[0;32m  OK  [0m] Reached target Network.
[   23.274669] cloud-init[948]: Cloud-init v. 0.7.9 running 'init' at Mon, 30 Oct 2017 04:12:13 +0000. Up 22.49 seconds.
[   23.313720] cloud-init[948]: ci-info: +++++++++++++++++++++++++++++++++++++Net device info++++++++++++++++++++++++++++++++++++++
[[0;32m  OK  [0m] Started Initial cloud-init job (metadata service crawler).
[   23.394973] cloud-init[948]: ci-info: +--------+------+----------------------------+---------------+-------+-------------------+
[   23.520559] cloud-init[948]: ci-info: | Device |  Up  |          Address           |      Mask     | Scope |     Hw-Address    |
[[0;32m  OK  [0m] Reached target System Initialization.
[[0;32m  OK  [0m] Started Timer to automatically fetch and run repair assertions.
[   23.547745] cloud-init[948]: ci-info: +--------+------+----------------------------+---------------+-------+-------------------+
[   23.576513] cloud-init[948]: ci-info: | enp0s3 | True |         10.0.2.15          | 255.255.255.0 |   .   | 02:51:17:41:23:cb |
[   23.628777] cloud-init[948]: ci-info: | enp0s3 | True | fe80::51:17ff:fe41:23cb/64 |       .       |  link | 02:51:17:41:23:cb |
[   23.696494] cloud-init[948]: ci-info: |   lo   | True |         127.0.0.1          |   255.0.0.0   |   .   |         .         |
[   23.752907] cloud-init[948]: ci-info: |   lo   | True |          ::1/128           |       .       |  host |         .         |
         Starting LXD - unix socket.
[[0;32m  OK  [0m] Listening on D-Bus System Message Bus Socket.
[[0;32m  OK  [0m] Listening on ACPID Listen Socket.
[[0;32m  OK  [0m] Started Daily Cleanup of Temporary Directories.
         Starting Socket activation for snappy daemon.
[[0;32m  OK  [0m] Listening on UUID daemon activation socket.
[   23.833205] cloud-init[948]: ci-info: +--------+------+----------------------------+---------------+-------+-------------------+
[   23.995128] [[0;32m  OK  [0m] Started ACPI Events Check.
[[0;32m  OK  [0m] Reached target Paths.
[[0;32m  OK  [0m] Started Timer to automatically refresh installed snaps.
[[0;32m  OK  [0m] Reached target Cloud-config availability.
[[0;32m  OK  [0m] Reached target Network is Online.
[[0;32m  OK  [0m] Started Daily apt download activities.
[[0;32m  OK  [0m] Started Daily apt upgrade and clean activities.
[[0;32m  OK  [0m] Reached target Timers.
cloud-init[948]: ci-info: +++++++++++++++++++++++++++Route IPv4 info++++++++++++++++++++++++++++
[   24.116313] cloud-init[948]: ci-info: +-------+-------------+----------+---------------+-----------+-------+
[   24.173183] cloud-init[948]: ci-info: | Route | Destination | Gateway  |    Genmask    | Interface | Flags |
[   24.188585] cloud-init[948]: ci-info: +-------+-------------+----------+---------------+-----------+-------+
         Starting iSCSI initiator daemon (iscsid)...
[[0;32m  OK  [0m] Listening on LXD - unix socket.
[[0;32m  OK  [0m] Listening on Socket activation for snappy daemon.
[   24.219514] cloud-init[948]: ci-info: |   0   |   0.0.0.0   | 10.0.2.2 |    0.0.0.0    |   enp0s3  |   UG  |
[   24.386965] cloud-init[948]: ci-info: |   1   |   10.0.2.0  | 0.0.0.0  | 255.255.255.0 |   enp0s3  |   U   |
[   24.464964] cloud-init[948]: ci-info: +-------+-------------+----------+---------------+-----------+-------+
[   24.520617] cloud-init[948]: Generating public/private rsa key pair.
[   24.572682] cloud-init[948]: Your identification has been saved in /etc/ssh/ssh_host_rsa_key.
[   24.636822] cloud-init[948]: Your public key has been saved in /etc/ssh/ssh_host_rsa_key.pub.
[   24.689817] cloud-init[948]: The key fingerprint is:
[   24.717018] cloud-init[948]: SHA256:n4fxw5I+OIH5rcmjyh0jgZzpB0sU1A0N0uw+i6PW1jY root@ubuntu-xenial
[[0;32m  OK  [0m] Started iSCSI initiator daemon (iscsid).
[   24.763801] cloud-init[948]: The key's randomart image is:
[   24.836829] cloud-init[948]: +---[RSA 2048]----+
[   24.837349] cloud-init[948]: | .++o=           |
         Starting Login to default iSCSI targets...
[[   24.837593] cloud-init[948]: |   o+ o          |
[   24.940947] cloud-init[948]: |  ..             |
[0;32m  OK  [0m] Reached target Sockets.
[[   24.941015] cloud-init[948]: | o +.            |
[   25.037637] cloud-init[948]: |  B..  oS .      |
[   25.037939] cloud-init[948]: | o oo.o .. B     |
[0;32m  OK  [0m] Reached target Basic System.
[   25.038733] cloud-init[948]: |  +.+oo. +* =    |
[   25.112443] cloud-init[948]: | .o=.E +=ooo .   |
[   25.112795] cloud-init[948]: |o...+.+.++..     |
[[0;32m  OK  [0m] Started Deferred execution scheduler.
[   25.113475] cloud-init[948]: +----[SHA256]-----+
[   25.232744] cloud-init[948]: Generating public/private dsa key pair.
[   25.233009] cloud-init[948]: Your identification has been saved in /etc/ssh/ssh_host_dsa_key.
         Starting Apply the settings specified in cloud-config...
[   25.233131] cloud-init[948]: Your public key has been saved in /etc/ssh/ssh_host_dsa_key.pub.
[[0;32m  OK  [0m] Started Regular background program processing daemon.
[   25.437756] cloud-init[948]: The key fingerprint is:
[   25.492777] [cloud-init[0;32m  OK  [0m[948]: ] SHA256:uPEwDO+Z6vJGD2E0PngjhSiOPYR7Il1yuAwKbDJrVKM root@ubuntu-xenialStarted ACPI event daemon.

[   25.493326] cloud-init[948]: The key's randomart image is:
[   25.596324] [cloud-init[0;32m  OK  [0m[948]: ] +---[DSA 1024]----+Started D-Bus System Message Bus.

[   25.596700] cloud-init[948]: |.o.=             |
[   25.647811] cloud-init[948]: |O+* B            |
[   25.649008] cloud-init[948]: |XE X..           |
[   25.658920]          cloud-initStarting /etc/rc.local Compatibility...[948]: 
|BoX B+ .         |
         Starting Pollinate to seed the pseudo random number generator...
[   25.714281] cloud-init[948]: |oo = +B S        |
[   25.778498] cloud-init[948]: |    o. O         |
[   25.823326] cloud-init[948]: |   . o= .        |
[   25.862544] cloud-init[948]: |  . ...          |
[   25.892452] cloud-init[948]: |   =+            |
         Starting System Logging Service...
[   25.928212] cloud-init[948]: +----[SHA256]-----+
[   25.996517] cloud-init[948]: Generating public/private ecdsa key pair.
[[0;32m  OK  [0m] Started FUSE filesystem for LXC.
[[0;32m  OK  [0m] Started Unattended Upgrades Shutdown.
[   26.037379] cloud-init[948]: Your identification has been saved in /etc/ssh/ssh_host_ecdsa_key.
         Starting LSB: Record successful boot for GRUB...
[   26.167112] cloud-init[948]: Your public key has been saved in /etc/ssh/ssh_host_ecdsa_key.pub.
         Starting LSB: MD monitoring daemon...
[   26.315031] cloud-init[948]: The key fingerprint is:
         Starting Accounts Service...
[   26.370988] cloud-init[948]: SHA256:He4ZWkIB8cabrDmQBXZGCGfQrNCL9sBTqYVuNgzZsEQ root@ubuntu-xenial
         Starting Snappy daemon...
[   26.492175] cloud-init[948]: The key's randomart image is:
[   26.552631]          cloud-initStarting Login Service...[948]: 
+---[ECDSA 256]---+
[   26.584596] cloud-init[948]: |oE+=*o*o.        |
         Starting LXD - container startup/shutdown...
[   26.585282] cloud-init[948]: |=ooB++ o .       |
[[0;32m  OK  [0m] Started System Logging Service.
[   26.632144] cloud-init[948]: |*o+o  . = .      |
[   26.667575] [[0;32m  OK  [0m] Started Snappy daemon.
cloud-init[948]: |.%o  o + = .     |
[   26.692647] cloud-init[948]: |+ = o   S =      |
[[0;32m  OK  [0m] Started /etc/rc.local Compatibility.
[   26.693238] cloud-init[948]: |   . . o = o     |
[   26.716104] [cloud-init[0;32m  OK  [0m[948]: ] |      + . o      |Started Pollinate to seed the pseudo random number generator.

[[0;32m  OK  [0m] Started LXD - container startup/shutdown.
[   26.747424] cloud-init[948]: |       .         |
[   26.761549] cloud-init[948]: |                 |
[   26.788389] cloud-init[948]: +----[SHA256]-----+
[   26.791226] cloud-init[948]: Generating public/private ed25519 key pair.
[   26.803136] cloud-init[948]: Your identification has been saved in /etc/ssh/ssh_host_ed25519_key.
[[0;32m  OK  [0m] Started Login to default iSCSI targets.
[   26.816749] cloud-init[948]: Your public key has been saved in /etc/ssh/ssh_host_ed25519_key.pub.
[   26.833100] cloud-init[948]: The key fingerprint is:
[   26.854130] cloud-init[948]: SHA256:/qRkjUd6SzgFRgYMSRu/ZngrZKmkuV1tOIKlg//CddM root@ubuntu-xenial
[   26.908772] cloud-init[948]: The key's randomart image is:
[   26.909491] cloud-init[948]: +--[ED25519 256]--+
[   26.909652] cloud-init[948]: |   .++..o        |
[   26.909789] cloud-init[948]: |    .+.o         |
[   26.909903] cloud-init[948]: |    . . o        |
[   26.910008] cloud-init[948]: |     o o .       |
[   26.910096] cloud-init[948]: |  o = =.S o      |
[   26.910191] cloud-init[948]: |.B +.*ooEB       |
[   26.910285] cloud-init[948]: |B.o.=.+.O *      |
[   26.910493] cloud-init[948]: | =oo + o O .     |
[   26.910638] cloud-init[948]: |. oo.   . o      |
[   26.910824] cloud-init[948]: +----[SHA256]-----+
[[0;32m  OK  [0m] Started LSB: Record successful boot for GRUB.
[[0;32m  OK  [0m] Started LSB: MD monitoring daemon.
[   26.916449] cloud-init[1050]: Generating locales (this might take a while)...
         Starting Authenticate and Authorize Users to Run Privileged Tasks...
[[0;32m  OK  [0m] Reached target Remote File Systems (Pre).
[   27.122965] [cloud-init[0;32m  OK  [0m[1050]: ]   en_US.UTF-8... doneReached target Remote File Systems.

[   27.173626] cloud-init[1050]: Generation complete.
         Starting LSB: Set the CPU Frequency Scaling governor to "ondemand"...
         Starting LSB: daemon to balance interrupts for SMP systems...
         Starting Permit User Sessions...
         Starting LSB: automatic crash report generation...
         Starting LSB: VirtualBox Linux Additions...
[[0;32m  OK  [0m] Stopped OpenBSD Secure Shell server.
         Starting OpenBSD Secure Shell server...
         Starting Auto import assertions from block devices...
[[0;32m  OK  [0m] Started OpenBSD Secure Shell server.
[[0;32m  OK  [0m] Started Permit User Sessions.
[[0;32m  OK  [0m] Started Auto import assertions from block devices.
[[0;32m  OK  [0m] Started Login Service.
[[0;32m  OK  [0m] Started Authenticate and Authorize Users to Run Privileged Tasks.
[[0;32m  OK  [0m] Started Accounts Service.
         Starting Terminate Plymouth Boot Screen...
         Starting Hold until boot process finishes up...
[[0;32m  OK  [0m] Started LSB: Set the CPU Frequency Scaling governor to "ondemand".
[[0;32m  OK  [0m] Started LSB: daemon to balance interrupts for SMP systems.
[[0;32m  OK  [0m] Started LSB: automatic crash report generation.
[[0;32m  OK  [0m] Started LSB: VirtualBox Linux Additions.
[[0;32m  OK  [0m] Started Terminate Plymouth Boot Screen.
[[0;32m  OK  [0m] Started Hold until boot process finishes up.
[[0;32m  OK  [0m] Created slice User Slice of ubuntu.
[   27.901339] cloud-init[1050]: Cloud-init v. 0.7.9 running 'modules:config' at Mon, 30 Oct 2017 04:12:16 +0000. Up 25.47 seconds.
[[0;32m  OK  [0m] Started Getty on tty1.
         Starting Set console scheme...
[[0;32m  OK  [0m] Started Serial Getty on ttyS0.
[[0;32m  OK  [0m] Reached target Login Prompts.
[[0;32m  OK  [0m] Reached target Multi-User System.
[[0;32m  OK  [0m] Reached target Graphical Interface.
         Starting Update UTMP about System Runlevel Changes...
[[0;32m  OK  [0m] Started Apply the settings specified in cloud-config.
[[0;32m  OK  [0m] Started Set console scheme.
[[0;32m  OK  [0m] Started Update UTMP about System Runlevel Changes.
         Starting User Manager for UID 1000...
         Starting Execute cloud user/final scripts...
[[0;32m  OK  [0m] Started User Manager for UID 1000.
[[0;32m  OK  [0m] Started Session 1 of user ubuntu.
ci-info: no authorized ssh keys fingerprints found for user ubuntu.
<14>Oct 30 04:12:20 ec2: 
<14>Oct 30 04:12:20 ec2: #############################################################
<14>Oct 30 04:12:20 ec2: -----BEGIN SSH HOST KEY FINGERPRINTS-----
<14>Oct 30 04:12:20 ec2: 1024 SHA256:uPEwDO+Z6vJGD2E0PngjhSiOPYR7Il1yuAwKbDJrVKM root@ubuntu-xenial (DSA)
<14>Oct 30 04:12:20 ec2: 256 SHA256:He4ZWkIB8cabrDmQBXZGCGfQrNCL9sBTqYVuNgzZsEQ root@ubuntu-xenial (ECDSA)
<14>Oct 30 04:12:20 ec2: 256 SHA256:/qRkjUd6SzgFRgYMSRu/ZngrZKmkuV1tOIKlg//CddM root@ubuntu-xenial (ED25519)
<14>Oct 30 04:12:20 ec2: 2048 SHA256:n4fxw5I+OIH5rcmjyh0jgZzpB0sU1A0N0uw+i6PW1jY root@ubuntu-xenial (RSA)
<14>Oct 30 04:12:20 ec2: -----END SSH HOST KEY FINGERPRINTS-----
<14>Oct 30 04:12:20 ec2: #############################################################
-----BEGIN SSH HOST KEY KEYS-----
ecdsa-sha2-nistp256 AAAAE2VjZHNhLXNoYTItbmlzdHAyNTYAAAAIbmlzdHAyNTYAAABBBLAjNrAL8iDNR1pQEaSnsrjrUw7STBM5bNyJjUtU4oWHx4cz8mbX9M7RsTZqEOLb9p4TlPb53c+b+lFqMRC+mhM= root@ubuntu-xenial
ssh-ed25519 AAAAC3NzaC1lZDI1NTE5AAAAIDAlIMbZKlekcZgXQd9RyE4O4urhKTg1W+FiqcMdfYZh root@ubuntu-xenial
ssh-rsa AAAAB3NzaC1yc2EAAAADAQABAAABAQDARF70l/cwHx3zrElmnFwQJYj8+++ICABX63g+pTgNm9EBlzPfSxeOMKdPvH2fA9DgBw4gJh5FNRvtkP64/2CnLQjGzI/ACtOs8mcaj8qWPesvLFoctciIfWEmKpSVhf0M7rFDuhRQ0884Zu8W45I0875bCWKq+RdYjHsvMkTGkxkjwVwFeQNGchiOVtiS+iVQtigqFzZzb1zwlhUY8jUrKLLXmdOHcEZHUe5Vp1wjm+8Ky01ssFt0hG2a+HHc40+m0SAfkFRp7wZm+qifm0LjWzRkYpvamAkMS5NxAFPJV9xYUpvMenVclriQgxgAgBcZnXkSRST/NGX5J+/jWa4J root@ubuntu-xenial
-----END SSH HOST KEY KEYS-----
[   29.530178] cloud-init[1313]: Cloud-init v. 0.7.9 running 'modules:final' at Mon, 30 Oct 2017 04:12:19 +0000. Up 28.69 seconds.
[   29.609041] [cloud-init[0;32m  OK  [0m[1313]: ] ci-info: no authorized ssh keys fingerprints found for user ubuntu.Started Execute cloud user/final scripts.

[   29.708473] [cloud-init[0;32m  OK  [0m[1313]: ] Cloud-init v. 0.7.9 finished at Mon, 30 Oct 2017 04:12:20 +0000. Datasource DataSourceNoCloud [seed=/dev/sdb][dsmode=net].  Up 29.52 secondsReached target Cloud-init target.


Ubuntu 16.04.3 LTS ubuntu-xenial ttyS0

ubuntu-xenial login: 